<?xml version="1.0" encoding="UTF-8"?>
<!-- Generated by org.testng.reporters.JUnitXMLReporter -->
<testsuite hostname="ip-10-21-2-209.ec2.internal" ignored="0" name="Surefire test" tests="1" failures="1" timestamp="04 Feb 2019 14:32:34 GMT" time="0.501" errors="0">
  <testcase name="feature" time="0.179" classname="cucumber.api.testng.AbstractTestNGCucumberTests">
    <failure type="cucumber.runtime.CucumberException" message="java.lang.Exception: Policy Rule:1008  is not matching in row numbers: 453,">
      <![CDATA[cucumber.runtime.CucumberException: java.lang.Exception: Policy Rule:1008  is not matching in row numbers: 453,
	at cucumber.api.testng.TestNGCucumberRunner.runCucumber(TestNGCucumberRunner.java:69)
	at cucumber.api.testng.AbstractTestNGCucumberTests.feature(AbstractTestNGCucumberTests.java:21)
Caused by: java.lang.Exception: Policy Rule:1008  is not matching in row numbers: 453,
	at demo.web.test.fr.RuleManager.verifyRule(RuleManager.java:79)
	at demo.web.test.fr.AppTestSteps.i_enter_the_first_rule_number_something(AppTestSteps.java:51)
	at ✽.When I enter the First Rule number "1008"(/home/centos/ron-demo/test-fsf/fsf/src/test/resources/FSF-Rules-1008-1002.feature:14)
... Removed 31 stack frames]]>
    </failure>
  </testcase> <!-- feature -->
</testsuite> <!-- Surefire test -->
