<?xml version="1.0" encoding="UTF-8"?>
<testsuite xmlns:xsi="http://www.w3.org/2001/XMLSchema-instance" xsi:noNamespaceSchemaLocation="https://maven.apache.org/surefire/maven-surefire-plugin/xsd/surefire-test-report.xsd" name="Parallel01IT" time="0.785" tests="1" errors="0" skipped="0" failures="1">
  <properties>
[...]
</properties>
  <testcase name="feature" classname="Parallel01IT" time="0.14">
    <failure message="java.lang.Exception: Policy Rule:1008  is not matching in row numbers: 453," type="cucumber.runtime.CucumberException">cucumber.runtime.CucumberException: java.lang.Exception: Policy Rule:1008  is not matching in row numbers: 453,
Caused by: java.lang.Exception: Policy Rule:1008  is not matching in row numbers: 453,
</failure>
    <system-out><![CDATA[listsize=714 ruleno=1008
iserror=true
]]></system-out>
  </testcase>
</testsuite>